# JRE version: OpenJDK Runtime Environment (15.0.1+9) (build 15.0.1+9-18)
# Java VM: OpenJDK 64-Bit Server VM (15.0.1+9-18, mixed mode, sharing, tiered, compressed oops, g1 gc, windows-amd64)
GC Precious Log:
 CPUs: 4 total, 4 available
 Memory: 3512M
 Large Page Support: Disabled
 NUMA Support: Disabled
 Compressed Oops: Enabled (32-bit)
 Heap Region Size: 1M
 Heap Min Capacity: 256M
 Heap Initial Capacity: 256M
 Heap Max Capacity: 512M
 Pre-touch: Disabled
 Parallel Workers: 4
 Concurrent Workers: 1
 Concurrent Refinement Workers: 4
 Periodic GC: Disabled
Heap:
 garbage-first heap   total 262144K, used 55430K [0x00000000e0000000, 0x0000000100000000)
  region size 1024K, 44 young (45056K), 17 survivors (17408K)
 Metaspace       used 37692K, capacity 38299K, committed 38448K, reserved 288768K
  class space    used 5029K, capacity 5247K, committed 5248K, reserved 253952K
GC Heap History (10 events):
Event: 1.081 GC heap before
{Heap before GC invocations=0 (full 0):
 garbage-first heap   total 262144K, used 18432K [0x00000000e0000000, 0x0000000100000000)
  region size 1024K, 13 young (13312K), 0 survivors (0K)
 Metaspace       used 1697K, capacity 5209K, committed 5376K, reserved 262144K
  class space    used 169K, capacity 499K, committed 512K, reserved 253952K
}
Event: 1.086 GC heap after
{Heap after GC invocations=1 (full 0):
 garbage-first heap   total 262144K, used 7648K [0x00000000e0000000, 0x0000000100000000)
  region size 1024K, 2 young (2048K), 2 survivors (2048K)
 Metaspace       used 1697K, capacity 5209K, committed 5376K, reserved 262144K
  class space    used 169K, capacity 499K, committed 512K, reserved 253952K
}
Event: 1.698 GC heap before
{Heap before GC invocations=1 (full 0):
 garbage-first heap   total 262144K, used 20960K [0x00000000e0000000, 0x0000000100000000)
  region size 1024K, 15 young (15360K), 2 survivors (2048K)
 Metaspace       used 3966K, capacity 6543K, committed 6656K, reserved 262144K
  class space    used 488K, capacity 729K, committed 768K, reserved 253952K
}
Event: 1.702 GC heap after
{Heap after GC invocations=2 (full 0):
 garbage-first heap   total 262144K, used 8793K [0x00000000e0000000, 0x0000000100000000)
  region size 1024K, 2 young (2048K), 2 survivors (2048K)
 Metaspace       used 3966K, capacity 6543K, committed 6656K, reserved 262144K
  class space    used 488K, capacity 729K, committed 768K, reserved 253952K
}
Event: 2.283 GC heap before
{Heap before GC invocations=2 (full 0):
 garbage-first heap   total 262144K, used 32345K [0x00000000e0000000, 0x0000000100000000)
  region size 1024K, 26 young (26624K), 2 survivors (2048K)
 Metaspace       used 4110K, capacity 6607K, committed 6656K, reserved 262144K
  class space    used 494K, capacity 729K, committed 768K, reserved 253952K
}
Event: 2.287 GC heap after
{Heap after GC invocations=3 (full 0):
 garbage-first heap   total 262144K, used 13168K [0x00000000e0000000, 0x0000000100000000)
  region size 1024K, 4 young (4096K), 4 survivors (4096K)
 Metaspace       used 4110K, capacity 6607K, committed 6656K, reserved 262144K
  class space    used 494K, capacity 729K, committed 768K, reserved 253952K
}
Event: 5.781 GC heap before
{Heap before GC invocations=3 (full 0):
 garbage-first heap   total 262144K, used 103280K [0x00000000e0000000, 0x0000000100000000)
  region size 1024K, 93 young (95232K), 4 survivors (4096K)
 Metaspace       used 20715K, capacity 21219K, committed 21296K, reserved 272384K
  class space    used 2999K, capacity 3173K, committed 3200K, reserved 253952K
}
Event: 5.799 GC heap after
{Heap after GC invocations=4 (full 0):
 garbage-first heap   total 262144K, used 19015K [0x00000000e0000000, 0x0000000100000000)
  region size 1024K, 10 young (10240K), 10 survivors (10240K)
 Metaspace       used 20715K, capacity 21219K, committed 21296K, reserved 272384K
  class space    used 2999K, capacity 3173K, committed 3200K, reserved 253952K
}
Event: 8.013 GC heap before
{Heap before GC invocations=5 (full 0):
 garbage-first heap   total 262144K, used 100935K [0x00000000e0000000, 0x0000000100000000)
  region size 1024K, 88 young (90112K), 10 survivors (10240K)
 Metaspace       used 35235K, capacity 35809K, committed 35888K, reserved 286720K
  class space    used 4731K, capacity 4933K, committed 4992K, reserved 253952K
}
Event: 8.037 GC heap after
{Heap after GC invocations=6 (full 0):
 garbage-first heap   total 262144K, used 25734K [0x00000000e0000000, 0x0000000100000000)
  region size 1024K, 17 young (17408K), 17 survivors (17408K)
 Metaspace       used 35235K, capacity 35809K, committed 35888K, reserved 286720K
  class space    used 4731K, capacity 4933K, committed 4992K, reserved 253952K
}

